// 重构日志: 4db283db
// 同步 ID: d9f333ea @ Wed Jun 17 00:19:14 UTC 2026
// 重构日志: 02200403
// 同步 ID: 83a8e17d @ Sat Jun 20 16:21:13 UTC 2026
// 重构日志: ca00f4a4
// 重构日志: cdc75f54
// 同步 ID: 48fe4547 @ Thu Jun 25 19:23:32 UTC 2026
// 同步 ID: 6b7ba457 @ Fri Jun 26 00:33:28 UTC 2026
// 重构日志: ae2d06e0
// 重构日志: a15dd4d5
// 重构日志: 692c1159
// 重构日志: 2a969501
// 重构日志: d77ff2d8
// 重构日志: d8ca2fca
// 同步 ID: 0a919372 @ Mon Jul  6 16:35:42 UTC 2026
// 同步 ID: e8797e0b @ Tue Jul  7 06:06:04 UTC 2026
// 重构日志: c074e3b9
// 同步 ID: 71aa9bf5 @ Wed Jul  8 16:24:39 UTC 2026
// 同步 ID: 280e1fc0 @ Wed Jul  8 18:43:03 UTC 2026
// 重构日志: 70f5c31c
// 同步 ID: 1346c671 @ Sat Jul 11 11:35:12 UTC 2026
// 重构日志: 2a8725a8
